<?xml version="1.0" encoding="UTF-8"?>
<testsuite xmlns:xsi="http://www.w3.org/2001/XMLSchema-instance" xsi:noNamespaceSchemaLocation="https://maven.apache.org/surefire/maven-surefire-plugin/xsd/surefire-test-report.xsd" name="com.nttdata.bootcamp.webfluxdemo.WebfluxDemoApplicationTests" time="6.017" tests="1" errors="0" skipped="0" failures="0">
  <properties>
    <property name="java.specification.version" value="17"/>
    <property name="sun.cpu.isalist" value="amd64"/>
    <property name="sun.jnu.encoding" value="Cp1252"/>
    <property name="java.class.path" value="C:\Users\smontanr\Desktop\Desarrollo\WORKSPACE\BACKEND\webflux-demo\target\test-classes;C:\Users\smontanr\Desktop\Desarrollo\WORKSPACE\BACKEND\webflux-demo\target\classes;C:\Users\smontanr\Desktop\Desarrollo\TOOLS\Apache\LocalRepository\org\springframework\boot\spring-boot-starter-webflux\2.7.8\spring-boot-starter-webflux-2.7.8.jar;C:\Users\smontanr\Desktop\Desarrollo\TOOLS\Apache\LocalRepository\org\springframework\boot\spring-boot-starter\2.7.8\spring-boot-starter-2.7.8.jar;C:\Users\smontanr\Desktop\Desarrollo\TOOLS\Apache\LocalRepository\org\springframework\boot\spring-boot\2.7.8\spring-boot-2.7.8.jar;C:\Users\smontanr\Desktop\Desarrollo\TOOLS\Apache\LocalRepository\org\springframework\spring-context\5.3.25\spring-context-5.3.25.jar;C:\Users\smontanr\Desktop\Desarrollo\TOOLS\Apache\LocalRepository\org\springframework\spring-aop\5.3.25\spring-aop-5.3.25.jar;C:\Users\smontanr\Desktop\Desarrollo\TOOLS\Apache\LocalRepository\org\springframework\spring-expression\5.3.25\spring-expression-5.3.25.jar;C:\Users\smontanr\Desktop\Desarrollo\TOOLS\Apache\LocalRepository\org\springframework\boot\spring-boot-autoconfigure\2.7.8\spring-boot-autoconfigure-2.7.8.jar;C:\Users\smontanr\Desktop\Desarrollo\TOOLS\Apache\LocalRepository\org\springframework\boot\spring-boot-starter-logging\2.7.8\spring-boot-starter-logging-2.7.8.jar;C:\Users\smontanr\Desktop\Desarrollo\TOOLS\Apache\LocalRepository\ch\qos\logback\logback-classic\1.2.11\logback-classic-1.2.11.jar;C:\Users\smontanr\Desktop\Desarrollo\TOOLS\Apache\LocalRepository\ch\qos\logback\logback-core\1.2.11\logback-core-1.2.11.jar;C:\Users\smontanr\Desktop\Desarrollo\TOOLS\Apache\LocalRepository\org\apache\logging\log4j\log4j-to-slf4j\2.17.2\log4j-to-slf4j-2.17.2.jar;C:\Users\smontanr\Desktop\Desarrollo\TOOLS\Apache\LocalRepository\org\apache\logging\log4j\log4j-api\2.17.2\log4j-api-2.17.2.jar;C:\Users\smontanr\Desktop\Desarrollo\TOOLS\Apache\LocalRepository\org\slf4j\jul-to-slf4j\1.7.36\jul-to-slf4j-1.7.36.jar;C:\Users\smontanr\Desktop\Desarrollo\TOOLS\Apache\LocalRepository\jakarta\annotation\jakarta.annotation-api\1.3.5\jakarta.annotation-api-1.3.5.jar;C:\Users\smontanr\Desktop\Desarrollo\TOOLS\Apache\LocalRepository\org\yaml\snakeyaml\1.30\snakeyaml-1.30.jar;C:\Users\smontanr\Desktop\Desarrollo\TOOLS\Apache\LocalRepository\org\springframework\boot\spring-boot-starter-json\2.7.8\spring-boot-starter-json-2.7.8.jar;C:\Users\smontanr\Desktop\Desarrollo\TOOLS\Apache\LocalRepository\com\fasterxml\jackson\core\jackson-databind\2.13.4.2\jackson-databind-2.13.4.2.jar;C:\Users\smontanr\Desktop\Desarrollo\TOOLS\Apache\LocalRepository\com\fasterxml\jackson\core\jackson-annotations\2.13.4\jackson-annotations-2.13.4.jar;C:\Users\smontanr\Desktop\Desarrollo\TOOLS\Apache\LocalRepository\com\fasterxml\jackson\core\jackson-core\2.13.4\jackson-core-2.13.4.jar;C:\Users\smontanr\Desktop\Desarrollo\TOOLS\Apache\LocalRepository\com\fasterxml\jackson\datatype\jackson-datatype-jdk8\2.13.4\jackson-datatype-jdk8-2.13.4.jar;C:\Users\smontanr\Desktop\Desarrollo\TOOLS\Apache\LocalRepository\com\fasterxml\jackson\datatype\jackson-datatype-jsr310\2.13.4\jackson-datatype-jsr310-2.13.4.jar;C:\Users\smontanr\Desktop\Desarrollo\TOOLS\Apache\LocalRepository\com\fasterxml\jackson\module\jackson-module-parameter-names\2.13.4\jackson-module-parameter-names-2.13.4.jar;C:\Users\smontanr\Desktop\Desarrollo\TOOLS\Apache\LocalRepository\org\springframework\boot\spring-boot-starter-reactor-netty\2.7.8\spring-boot-starter-reactor-netty-2.7.8.jar;C:\Users\smontanr\Desktop\Desarrollo\TOOLS\Apache\LocalRepository\io\projectreactor\netty\reactor-netty-http\1.0.27\reactor-netty-http-1.0.27.jar;C:\Users\smontanr\Desktop\Desarrollo\TOOLS\Apache\LocalRepository\io\netty\netty-codec-http\4.1.87.Final\netty-codec-http-4.1.87.Final.jar;C:\Users\smontanr\Desktop\Desarrollo\TOOLS\Apache\LocalRepository\io\netty\netty-common\4.1.87.Final\netty-common-4.1.87.Final.jar;C:\Users\smontanr\Desktop\Desarrollo\TOOLS\Apache\LocalRepository\io\netty\netty-buffer\4.1.87.Final\netty-buffer-4.1.87.Final.jar;C:\Users\smontanr\Desktop\Desarrollo\TOOLS\Apache\LocalRepository\io\netty\netty-transport\4.1.87.Final\netty-transport-4.1.87.Final.jar;C:\Users\smontanr\Desktop\Desarrollo\TOOLS\Apache\LocalRepository\io\netty\netty-codec\4.1.87.Final\netty-codec-4.1.87.Final.jar;C:\Users\smontanr\Desktop\Desarrollo\TOOLS\Apache\LocalRepository\io\netty\netty-handler\4.1.87.Final\netty-handler-4.1.87.Final.jar;C:\Users\smontanr\Desktop\Desarrollo\TOOLS\Apache\LocalRepository\io\netty\netty-codec-http2\4.1.87.Final\netty-codec-http2-4.1.87.Final.jar;C:\Users\smontanr\Desktop\Desarrollo\TOOLS\Apache\LocalRepository\io\netty\netty-resolver-dns\4.1.87.Final\netty-resolver-dns-4.1.87.Final.jar;C:\Users\smontanr\Desktop\Desarrollo\TOOLS\Apache\LocalRepository\io\netty\netty-resolver\4.1.87.Final\netty-resolver-4.1.87.Final.jar;C:\Users\smontanr\Desktop\Desarrollo\TOOLS\Apache\LocalRepository\io\netty\netty-codec-dns\4.1.87.Final\netty-codec-dns-4.1.87.Final.jar;C:\Users\smontanr\Desktop\Desarrollo\TOOLS\Apache\LocalRepository\io\netty\netty-resolver-dns-native-macos\4.1.87.Final\netty-resolver-dns-native-macos-4.1.87.Final-osx-x86_64.jar;C:\Users\smontanr\Desktop\Desarrollo\TOOLS\Apache\LocalRepository\io\netty\netty-resolver-dns-classes-macos\4.1.87.Final\netty-resolver-dns-classes-macos-4.1.87.Final.jar;C:\Users\smontanr\Desktop\Desarrollo\TOOLS\Apache\LocalRepository\io\netty\netty-transport-native-epoll\4.1.87.Final\netty-transport-native-epoll-4.1.87.Final-linux-x86_64.jar;C:\Users\smontanr\Desktop\Desarrollo\TOOLS\Apache\LocalRepository\io\netty\netty-transport-native-unix-common\4.1.87.Final\netty-transport-native-unix-common-4.1.87.Final.jar;C:\Users\smontanr\Desktop\Desarrollo\TOOLS\Apache\LocalRepository\io\netty\netty-transport-classes-epoll\4.1.87.Final\netty-transport-classes-epoll-4.1.87.Final.jar;C:\Users\smontanr\Desktop\Desarrollo\TOOLS\Apache\LocalRepository\io\projectreactor\netty\reactor-netty-core\1.0.27\reactor-netty-core-1.0.27.jar;C:\Users\smontanr\Desktop\Desarrollo\TOOLS\Apache\LocalRepository\io\netty\netty-handler-proxy\4.1.87.Final\netty-handler-proxy-4.1.87.Final.jar;C:\Users\smontanr\Desktop\Desarrollo\TOOLS\Apache\LocalRepository\io\netty\netty-codec-socks\4.1.87.Final\netty-codec-socks-4.1.87.Final.jar;C:\Users\smontanr\Desktop\Desarrollo\TOOLS\Apache\LocalRepository\org\springframework\spring-web\5.3.25\spring-web-5.3.25.jar;C:\Users\smontanr\Desktop\Desarrollo\TOOLS\Apache\LocalRepository\org\springframework\spring-beans\5.3.25\spring-beans-5.3.25.jar;C:\Users\smontanr\Desktop\Desarrollo\TOOLS\Apache\LocalRepository\org\springframework\spring-webflux\5.3.25\spring-webflux-5.3.25.jar;C:\Users\smontanr\Desktop\Desarrollo\TOOLS\Apache\LocalRepository\org\springframework\boot\spring-boot-starter-test\2.7.8\spring-boot-starter-test-2.7.8.jar;C:\Users\smontanr\Desktop\Desarrollo\TOOLS\Apache\LocalRepository\org\springframework\boot\spring-boot-test\2.7.8\spring-boot-test-2.7.8.jar;C:\Users\smontanr\Desktop\Desarrollo\TOOLS\Apache\LocalRepository\org\springframework\boot\spring-boot-test-autoconfigure\2.7.8\spring-boot-test-autoconfigure-2.7.8.jar;C:\Users\smontanr\Desktop\Desarrollo\TOOLS\Apache\LocalRepository\com\jayway\jsonpath\json-path\2.7.0\json-path-2.7.0.jar;C:\Users\smontanr\Desktop\Desarrollo\TOOLS\Apache\LocalRepository\net\minidev\json-smart\2.4.8\json-smart-2.4.8.jar;C:\Users\smontanr\Desktop\Desarrollo\TOOLS\Apache\LocalRepository\net\minidev\accessors-smart\2.4.8\accessors-smart-2.4.8.jar;C:\Users\smontanr\Desktop\Desarrollo\TOOLS\Apache\LocalRepository\org\ow2\asm\asm\9.1\asm-9.1.jar;C:\Users\smontanr\Desktop\Desarrollo\TOOLS\Apache\LocalRepository\org\slf4j\slf4j-api\1.7.36\slf4j-api-1.7.36.jar;C:\Users\smontanr\Desktop\Desarrollo\TOOLS\Apache\LocalRepository\jakarta\xml\bind\jakarta.xml.bind-api\2.3.3\jakarta.xml.bind-api-2.3.3.jar;C:\Users\smontanr\Desktop\Desarrollo\TOOLS\Apache\LocalRepository\jakarta\activation\jakarta.activation-api\1.2.2\jakarta.activation-api-1.2.2.jar;C:\Users\smontanr\Desktop\Desarrollo\TOOLS\Apache\LocalRepository\org\assertj\assertj-core\3.22.0\assertj-core-3.22.0.jar;C:\Users\smontanr\Desktop\Desarrollo\TOOLS\Apache\LocalRepository\org\hamcrest\hamcrest\2.2\hamcrest-2.2.jar;C:\Users\smontanr\Desktop\Desarrollo\TOOLS\Apache\LocalRepository\org\junit\jupiter\junit-jupiter\5.8.2\junit-jupiter-5.8.2.jar;C:\Users\smontanr\Desktop\Desarrollo\TOOLS\Apache\LocalRepository\org\junit\jupiter\junit-jupiter-api\5.8.2\junit-jupiter-api-5.8.2.jar;C:\Users\smontanr\Desktop\Desarrollo\TOOLS\Apache\LocalRepository\org\opentest4j\opentest4j\1.2.0\opentest4j-1.2.0.jar;C:\Users\smontanr\Desktop\Desarrollo\TOOLS\Apache\LocalRepository\org\junit\platform\junit-platform-commons\1.8.2\junit-platform-commons-1.8.2.jar;C:\Users\smontanr\Desktop\Desarrollo\TOOLS\Apache\LocalRepository\org\apiguardian\apiguardian-api\1.1.2\apiguardian-api-1.1.2.jar;C:\Users\smontanr\Desktop\Desarrollo\TOOLS\Apache\LocalRepository\org\junit\jupiter\junit-jupiter-params\5.8.2\junit-jupiter-params-5.8.2.jar;C:\Users\smontanr\Desktop\Desarrollo\TOOLS\Apache\LocalRepository\org\junit\jupiter\junit-jupiter-engine\5.8.2\junit-jupiter-engine-5.8.2.jar;C:\Users\smontanr\Desktop\Desarrollo\TOOLS\Apache\LocalRepository\org\junit\platform\junit-platform-engine\1.8.2\junit-platform-engine-1.8.2.jar;C:\Users\smontanr\Desktop\Desarrollo\TOOLS\Apache\LocalRepository\org\mockito\mockito-core\4.5.1\mockito-core-4.5.1.jar;C:\Users\smontanr\Desktop\Desarrollo\TOOLS\Apache\LocalRepository\net\bytebuddy\byte-buddy\1.12.22\byte-buddy-1.12.22.jar;C:\Users\smontanr\Desktop\Desarrollo\TOOLS\Apache\LocalRepository\net\bytebuddy\byte-buddy-agent\1.12.22\byte-buddy-agent-1.12.22.jar;C:\Users\smontanr\Desktop\Desarrollo\TOOLS\Apache\LocalRepository\org\objenesis\objenesis\3.2\objenesis-3.2.jar;C:\Users\smontanr\Desktop\Desarrollo\TOOLS\Apache\LocalRepository\org\mockito\mockito-junit-jupiter\4.5.1\mockito-junit-jupiter-4.5.1.jar;C:\Users\smontanr\Desktop\Desarrollo\TOOLS\Apache\LocalRepository\org\skyscreamer\jsonassert\1.5.1\jsonassert-1.5.1.jar;C:\Users\smontanr\Desktop\Desarrollo\TOOLS\Apache\LocalRepository\com\vaadin\external\google\android-json\0.0.20131108.vaadin1\android-json-0.0.20131108.vaadin1.jar;C:\Users\smontanr\Desktop\Desarrollo\TOOLS\Apache\LocalRepository\org\springframework\spring-core\5.3.25\spring-core-5.3.25.jar;C:\Users\smontanr\Desktop\Desarrollo\TOOLS\Apache\LocalRepository\org\springframework\spring-jcl\5.3.25\spring-jcl-5.3.25.jar;C:\Users\smontanr\Desktop\Desarrollo\TOOLS\Apache\LocalRepository\org\springframework\spring-test\5.3.25\spring-test-5.3.25.jar;C:\Users\smontanr\Desktop\Desarrollo\TOOLS\Apache\LocalRepository\org\xmlunit\xmlunit-core\2.9.1\xmlunit-core-2.9.1.jar;C:\Users\smontanr\Desktop\Desarrollo\TOOLS\Apache\LocalRepository\io\projectreactor\reactor-test\3.4.26\reactor-test-3.4.26.jar;C:\Users\smontanr\Desktop\Desarrollo\TOOLS\Apache\LocalRepository\io\projectreactor\reactor-core\3.4.26\reactor-core-3.4.26.jar;C:\Users\smontanr\Desktop\Desarrollo\TOOLS\Apache\LocalRepository\org\reactivestreams\reactive-streams\1.0.4\reactive-streams-1.0.4.jar;"/>
    <property name="java.vm.vendor" value="Eclipse Adoptium"/>
    <property name="sun.arch.data.model" value="64"/>
    <property name="user.variant" value=""/>
    <property name="java.vendor.url" value="https://adoptium.net/"/>
    <property name="user.timezone" value="Europe/Madrid"/>
    <property name="os.name" value="Windows 10"/>
    <property name="java.vm.specification.version" value="17"/>
    <property name="sun.java.launcher" value="SUN_STANDARD"/>
    <property name="user.country" value="ES"/>
    <property name="sun.boot.library.path" value="C:\Users\smontanr\Desktop\Desarrollo\TOOLS\IDE\eclipse\plugins\org.eclipse.justj.openjdk.hotspot.jre.full.win32.x86_64_17.0.5.v20221102-0933\jre\bin"/>
    <property name="sun.java.command" value="C:\Users\smontanr\AppData\Local\Temp\surefire6882560393339689287\surefirebooter13327176771777269569.jar C:\Users\smontanr\AppData\Local\Temp\surefire6882560393339689287 2023-02-09T12-18-09_897-jvmRun1 surefire14697679558737740177tmp surefire_0559497574017759108tmp"/>
    <property name="jdk.debug" value="release"/>
    <property name="surefire.test.class.path" value="C:\Users\smontanr\Desktop\Desarrollo\WORKSPACE\BACKEND\webflux-demo\target\test-classes;C:\Users\smontanr\Desktop\Desarrollo\WORKSPACE\BACKEND\webflux-demo\target\classes;C:\Users\smontanr\Desktop\Desarrollo\TOOLS\Apache\LocalRepository\org\springframework\boot\spring-boot-starter-webflux\2.7.8\spring-boot-starter-webflux-2.7.8.jar;C:\Users\smontanr\Desktop\Desarrollo\TOOLS\Apache\LocalRepository\org\springframework\boot\spring-boot-starter\2.7.8\spring-boot-starter-2.7.8.jar;C:\Users\smontanr\Desktop\Desarrollo\TOOLS\Apache\LocalRepository\org\springframework\boot\spring-boot\2.7.8\spring-boot-2.7.8.jar;C:\Users\smontanr\Desktop\Desarrollo\TOOLS\Apache\LocalRepository\org\springframework\spring-context\5.3.25\spring-context-5.3.25.jar;C:\Users\smontanr\Desktop\Desarrollo\TOOLS\Apache\LocalRepository\org\springframework\spring-aop\5.3.25\spring-aop-5.3.25.jar;C:\Users\smontanr\Desktop\Desarrollo\TOOLS\Apache\LocalRepository\org\springframework\spring-expression\5.3.25\spring-expression-5.3.25.jar;C:\Users\smontanr\Desktop\Desarrollo\TOOLS\Apache\LocalRepository\org\springframework\boot\spring-boot-autoconfigure\2.7.8\spring-boot-autoconfigure-2.7.8.jar;C:\Users\smontanr\Desktop\Desarrollo\TOOLS\Apache\LocalRepository\org\springframework\boot\spring-boot-starter-logging\2.7.8\spring-boot-starter-logging-2.7.8.jar;C:\Users\smontanr\Desktop\Desarrollo\TOOLS\Apache\LocalRepository\ch\qos\logback\logback-classic\1.2.11\logback-classic-1.2.11.jar;C:\Users\smontanr\Desktop\Desarrollo\TOOLS\Apache\LocalRepository\ch\qos\logback\logback-core\1.2.11\logback-core-1.2.11.jar;C:\Users\smontanr\Desktop\Desarrollo\TOOLS\Apache\LocalRepository\org\apache\logging\log4j\log4j-to-slf4j\2.17.2\log4j-to-slf4j-2.17.2.jar;C:\Users\smontanr\Desktop\Desarrollo\TOOLS\Apache\LocalRepository\org\apache\logging\log4j\log4j-api\2.17.2\log4j-api-2.17.2.jar;C:\Users\smontanr\Desktop\Desarrollo\TOOLS\Apache\LocalRepository\org\slf4j\jul-to-slf4j\1.7.36\jul-to-slf4j-1.7.36.jar;C:\Users\smontanr\Desktop\Desarrollo\TOOLS\Apache\LocalRepository\jakarta\annotation\jakarta.annotation-api\1.3.5\jakarta.annotation-api-1.3.5.jar;C:\Users\smontanr\Desktop\Desarrollo\TOOLS\Apache\LocalRepository\org\yaml\snakeyaml\1.30\snakeyaml-1.30.jar;C:\Users\smontanr\Desktop\Desarrollo\TOOLS\Apache\LocalRepository\org\springframework\boot\spring-boot-starter-json\2.7.8\spring-boot-starter-json-2.7.8.jar;C:\Users\smontanr\Desktop\Desarrollo\TOOLS\Apache\LocalRepository\com\fasterxml\jackson\core\jackson-databind\2.13.4.2\jackson-databind-2.13.4.2.jar;C:\Users\smontanr\Desktop\Desarrollo\TOOLS\Apache\LocalRepository\com\fasterxml\jackson\core\jackson-annotations\2.13.4\jackson-annotations-2.13.4.jar;C:\Users\smontanr\Desktop\Desarrollo\TOOLS\Apache\LocalRepository\com\fasterxml\jackson\core\jackson-core\2.13.4\jackson-core-2.13.4.jar;C:\Users\smontanr\Desktop\Desarrollo\TOOLS\Apache\LocalRepository\com\fasterxml\jackson\datatype\jackson-datatype-jdk8\2.13.4\jackson-datatype-jdk8-2.13.4.jar;C:\Users\smontanr\Desktop\Desarrollo\TOOLS\Apache\LocalRepository\com\fasterxml\jackson\datatype\jackson-datatype-jsr310\2.13.4\jackson-datatype-jsr310-2.13.4.jar;C:\Users\smontanr\Desktop\Desarrollo\TOOLS\Apache\LocalRepository\com\fasterxml\jackson\module\jackson-module-parameter-names\2.13.4\jackson-module-parameter-names-2.13.4.jar;C:\Users\smontanr\Desktop\Desarrollo\TOOLS\Apache\LocalRepository\org\springframework\boot\spring-boot-starter-reactor-netty\2.7.8\spring-boot-starter-reactor-netty-2.7.8.jar;C:\Users\smontanr\Desktop\Desarrollo\TOOLS\Apache\LocalRepository\io\projectreactor\netty\reactor-netty-http\1.0.27\reactor-netty-http-1.0.27.jar;C:\Users\smontanr\Desktop\Desarrollo\TOOLS\Apache\LocalRepository\io\netty\netty-codec-http\4.1.87.Final\netty-codec-http-4.1.87.Final.jar;C:\Users\smontanr\Desktop\Desarrollo\TOOLS\Apache\LocalRepository\io\netty\netty-common\4.1.87.Final\netty-common-4.1.87.Final.jar;C:\Users\smontanr\Desktop\Desarrollo\TOOLS\Apache\LocalRepository\io\netty\netty-buffer\4.1.87.Final\netty-buffer-4.1.87.Final.jar;C:\Users\smontanr\Desktop\Desarrollo\TOOLS\Apache\LocalRepository\io\netty\netty-transport\4.1.87.Final\netty-transport-4.1.87.Final.jar;C:\Users\smontanr\Desktop\Desarrollo\TOOLS\Apache\LocalRepository\io\netty\netty-codec\4.1.87.Final\netty-codec-4.1.87.Final.jar;C:\Users\smontanr\Desktop\Desarrollo\TOOLS\Apache\LocalRepository\io\netty\netty-handler\4.1.87.Final\netty-handler-4.1.87.Final.jar;C:\Users\smontanr\Desktop\Desarrollo\TOOLS\Apache\LocalRepository\io\netty\netty-codec-http2\4.1.87.Final\netty-codec-http2-4.1.87.Final.jar;C:\Users\smontanr\Desktop\Desarrollo\TOOLS\Apache\LocalRepository\io\netty\netty-resolver-dns\4.1.87.Final\netty-resolver-dns-4.1.87.Final.jar;C:\Users\smontanr\Desktop\Desarrollo\TOOLS\Apache\LocalRepository\io\netty\netty-resolver\4.1.87.Final\netty-resolver-4.1.87.Final.jar;C:\Users\smontanr\Desktop\Desarrollo\TOOLS\Apache\LocalRepository\io\netty\netty-codec-dns\4.1.87.Final\netty-codec-dns-4.1.87.Final.jar;C:\Users\smontanr\Desktop\Desarrollo\TOOLS\Apache\LocalRepository\io\netty\netty-resolver-dns-native-macos\4.1.87.Final\netty-resolver-dns-native-macos-4.1.87.Final-osx-x86_64.jar;C:\Users\smontanr\Desktop\Desarrollo\TOOLS\Apache\LocalRepository\io\netty\netty-resolver-dns-classes-macos\4.1.87.Final\netty-resolver-dns-classes-macos-4.1.87.Final.jar;C:\Users\smontanr\Desktop\Desarrollo\TOOLS\Apache\LocalRepository\io\netty\netty-transport-native-epoll\4.1.87.Final\netty-transport-native-epoll-4.1.87.Final-linux-x86_64.jar;C:\Users\smontanr\Desktop\Desarrollo\TOOLS\Apache\LocalRepository\io\netty\netty-transport-native-unix-common\4.1.87.Final\netty-transport-native-unix-common-4.1.87.Final.jar;C:\Users\smontanr\Desktop\Desarrollo\TOOLS\Apache\LocalRepository\io\netty\netty-transport-classes-epoll\4.1.87.Final\netty-transport-classes-epoll-4.1.87.Final.jar;C:\Users\smontanr\Desktop\Desarrollo\TOOLS\Apache\LocalRepository\io\projectreactor\netty\reactor-netty-core\1.0.27\reactor-netty-core-1.0.27.jar;C:\Users\smontanr\Desktop\Desarrollo\TOOLS\Apache\LocalRepository\io\netty\netty-handler-proxy\4.1.87.Final\netty-handler-proxy-4.1.87.Final.jar;C:\Users\smontanr\Desktop\Desarrollo\TOOLS\Apache\LocalRepository\io\netty\netty-codec-socks\4.1.87.Final\netty-codec-socks-4.1.87.Final.jar;C:\Users\smontanr\Desktop\Desarrollo\TOOLS\Apache\LocalRepository\org\springframework\spring-web\5.3.25\spring-web-5.3.25.jar;C:\Users\smontanr\Desktop\Desarrollo\TOOLS\Apache\LocalRepository\org\springframework\spring-beans\5.3.25\spring-beans-5.3.25.jar;C:\Users\smontanr\Desktop\Desarrollo\TOOLS\Apache\LocalRepository\org\springframework\spring-webflux\5.3.25\spring-webflux-5.3.25.jar;C:\Users\smontanr\Desktop\Desarrollo\TOOLS\Apache\LocalRepository\org\springframework\boot\spring-boot-starter-test\2.7.8\spring-boot-starter-test-2.7.8.jar;C:\Users\smontanr\Desktop\Desarrollo\TOOLS\Apache\LocalRepository\org\springframework\boot\spring-boot-test\2.7.8\spring-boot-test-2.7.8.jar;C:\Users\smontanr\Desktop\Desarrollo\TOOLS\Apache\LocalRepository\org\springframework\boot\spring-boot-test-autoconfigure\2.7.8\spring-boot-test-autoconfigure-2.7.8.jar;C:\Users\smontanr\Desktop\Desarrollo\TOOLS\Apache\LocalRepository\com\jayway\jsonpath\json-path\2.7.0\json-path-2.7.0.jar;C:\Users\smontanr\Desktop\Desarrollo\TOOLS\Apache\LocalRepository\net\minidev\json-smart\2.4.8\json-smart-2.4.8.jar;C:\Users\smontanr\Desktop\Desarrollo\TOOLS\Apache\LocalRepository\net\minidev\accessors-smart\2.4.8\accessors-smart-2.4.8.jar;C:\Users\smontanr\Desktop\Desarrollo\TOOLS\Apache\LocalRepository\org\ow2\asm\asm\9.1\asm-9.1.jar;C:\Users\smontanr\Desktop\Desarrollo\TOOLS\Apache\LocalRepository\org\slf4j\slf4j-api\1.7.36\slf4j-api-1.7.36.jar;C:\Users\smontanr\Desktop\Desarrollo\TOOLS\Apache\LocalRepository\jakarta\xml\bind\jakarta.xml.bind-api\2.3.3\jakarta.xml.bind-api-2.3.3.jar;C:\Users\smontanr\Desktop\Desarrollo\TOOLS\Apache\LocalRepository\jakarta\activation\jakarta.activation-api\1.2.2\jakarta.activation-api-1.2.2.jar;C:\Users\smontanr\Desktop\Desarrollo\TOOLS\Apache\LocalRepository\org\assertj\assertj-core\3.22.0\assertj-core-3.22.0.jar;C:\Users\smontanr\Desktop\Desarrollo\TOOLS\Apache\LocalRepository\org\hamcrest\hamcrest\2.2\hamcrest-2.2.jar;C:\Users\smontanr\Desktop\Desarrollo\TOOLS\Apache\LocalRepository\org\junit\jupiter\junit-jupiter\5.8.2\junit-jupiter-5.8.2.jar;C:\Users\smontanr\Desktop\Desarrollo\TOOLS\Apache\LocalRepository\org\junit\jupiter\junit-jupiter-api\5.8.2\junit-jupiter-api-5.8.2.jar;C:\Users\smontanr\Desktop\Desarrollo\TOOLS\Apache\LocalRepository\org\opentest4j\opentest4j\1.2.0\opentest4j-1.2.0.jar;C:\Users\smontanr\Desktop\Desarrollo\TOOLS\Apache\LocalRepository\org\junit\platform\junit-platform-commons\1.8.2\junit-platform-commons-1.8.2.jar;C:\Users\smontanr\Desktop\Desarrollo\TOOLS\Apache\LocalRepository\org\apiguardian\apiguardian-api\1.1.2\apiguardian-api-1.1.2.jar;C:\Users\smontanr\Desktop\Desarrollo\TOOLS\Apache\LocalRepository\org\junit\jupiter\junit-jupiter-params\5.8.2\junit-jupiter-params-5.8.2.jar;C:\Users\smontanr\Desktop\Desarrollo\TOOLS\Apache\LocalRepository\org\junit\jupiter\junit-jupiter-engine\5.8.2\junit-jupiter-engine-5.8.2.jar;C:\Users\smontanr\Desktop\Desarrollo\TOOLS\Apache\LocalRepository\org\junit\platform\junit-platform-engine\1.8.2\junit-platform-engine-1.8.2.jar;C:\Users\smontanr\Desktop\Desarrollo\TOOLS\Apache\LocalRepository\org\mockito\mockito-core\4.5.1\mockito-core-4.5.1.jar;C:\Users\smontanr\Desktop\Desarrollo\TOOLS\Apache\LocalRepository\net\bytebuddy\byte-buddy\1.12.22\byte-buddy-1.12.22.jar;C:\Users\smontanr\Desktop\Desarrollo\TOOLS\Apache\LocalRepository\net\bytebuddy\byte-buddy-agent\1.12.22\byte-buddy-agent-1.12.22.jar;C:\Users\smontanr\Desktop\Desarrollo\TOOLS\Apache\LocalRepository\org\objenesis\objenesis\3.2\objenesis-3.2.jar;C:\Users\smontanr\Desktop\Desarrollo\TOOLS\Apache\LocalRepository\org\mockito\mockito-junit-jupiter\4.5.1\mockito-junit-jupiter-4.5.1.jar;C:\Users\smontanr\Desktop\Desarrollo\TOOLS\Apache\LocalRepository\org\skyscreamer\jsonassert\1.5.1\jsonassert-1.5.1.jar;C:\Users\smontanr\Desktop\Desarrollo\TOOLS\Apache\LocalRepository\com\vaadin\external\google\android-json\0.0.20131108.vaadin1\android-json-0.0.20131108.vaadin1.jar;C:\Users\smontanr\Desktop\Desarrollo\TOOLS\Apache\LocalRepository\org\springframework\spring-core\5.3.25\spring-core-5.3.25.jar;C:\Users\smontanr\Desktop\Desarrollo\TOOLS\Apache\LocalRepository\org\springframework\spring-jcl\5.3.25\spring-jcl-5.3.25.jar;C:\Users\smontanr\Desktop\Desarrollo\TOOLS\Apache\LocalRepository\org\springframework\spring-test\5.3.25\spring-test-5.3.25.jar;C:\Users\smontanr\Desktop\Desarrollo\TOOLS\Apache\LocalRepository\org\xmlunit\xmlunit-core\2.9.1\xmlunit-core-2.9.1.jar;C:\Users\smontanr\Desktop\Desarrollo\TOOLS\Apache\LocalRepository\io\projectreactor\reactor-test\3.4.26\reactor-test-3.4.26.jar;C:\Users\smontanr\Desktop\Desarrollo\TOOLS\Apache\LocalRepository\io\projectreactor\reactor-core\3.4.26\reactor-core-3.4.26.jar;C:\Users\smontanr\Desktop\Desarrollo\TOOLS\Apache\LocalRepository\org\reactivestreams\reactive-streams\1.0.4\reactive-streams-1.0.4.jar;"/>
    <property name="sun.cpu.endian" value="little"/>
    <property name="user.home" value="C:\Users\smontanr"/>
    <property name="user.language" value="es"/>
    <property name="java.specification.vendor" value="Oracle Corporation"/>
    <property name="java.version.date" value="2022-10-18"/>
    <property name="java.home" value="C:\Users\smontanr\Desktop\Desarrollo\TOOLS\IDE\eclipse\plugins\org.eclipse.justj.openjdk.hotspot.jre.full.win32.x86_64_17.0.5.v20221102-0933\jre"/>
    <property name="file.separator" value="\"/>
    <property name="style.color" value="always"/>
    <property name="basedir" value="C:\Users\smontanr\Desktop\Desarrollo\WORKSPACE\BACKEND\webflux-demo"/>
    <property name="java.vm.compressedOopsMode" value="Zero based"/>
    <property name="line.separator" value="&#10;"/>
    <property name="java.vm.specification.vendor" value="Oracle Corporation"/>
    <property name="java.specification.name" value="Java Platform API Specification"/>
    <property name="surefire.real.class.path" value="C:\Users\smontanr\AppData\Local\Temp\surefire6882560393339689287\surefirebooter13327176771777269569.jar"/>
    <property name="user.script" value=""/>
    <property name="sun.management.compiler" value="HotSpot 64-Bit Tiered Compilers"/>
    <property name="java.runtime.version" value="17.0.5+8"/>
    <property name="user.name" value="smontanr"/>
    <property name="path.separator" value=";"/>
    <property name="os.version" value="10.0"/>
    <property name="java.runtime.name" value="OpenJDK Runtime Environment"/>
    <property name="file.encoding" value="Cp1252"/>
    <property name="java.vm.name" value="OpenJDK 64-Bit Server VM"/>
    <property name="java.vendor.version" value="Temurin-17.0.5+8"/>
    <property name="localRepository" value="C:\Users\smontanr\Desktop\Desarrollo\TOOLS\Apache\LocalRepository"/>
    <property name="java.vendor.url.bug" value="https://github.com/adoptium/adoptium-support/issues"/>
    <property name="java.io.tmpdir" value="C:\Users\smontanr\AppData\Local\Temp\"/>
    <property name="java.version" value="17.0.5"/>
    <property name="user.dir" value="C:\Users\smontanr\Desktop\Desarrollo\WORKSPACE\BACKEND\webflux-demo"/>
    <property name="os.arch" value="amd64"/>
    <property name="java.vm.specification.name" value="Java Virtual Machine Specification"/>
    <property name="sun.os.patch.level" value=""/>
    <property name="native.encoding" value="Cp1252"/>
    <property name="java.library.path" value="C:\Users\smontanr\Desktop\Desarrollo\TOOLS\IDE\eclipse\plugins\org.eclipse.justj.openjdk.hotspot.jre.full.win32.x86_64_17.0.5.v20221102-0933\jre\bin;C:\WINDOWS\Sun\Java\bin;C:\WINDOWS\system32;C:\WINDOWS;C:/Users/smontanr/Desktop/Desarrollo/TOOLS/IDE/eclipse//plugins/org.eclipse.justj.openjdk.hotspot.jre.full.win32.x86_64_17.0.5.v20221102-0933/jre/bin/server;C:/Users/smontanr/Desktop/Desarrollo/TOOLS/IDE/eclipse//plugins/org.eclipse.justj.openjdk.hotspot.jre.full.win32.x86_64_17.0.5.v20221102-0933/jre/bin;C:\WINDOWS\system32;C:\WINDOWS;C:\WINDOWS\System32\Wbem;C:\WINDOWS\System32\WindowsPowerShell\v1.0\;C:\WINDOWS\System32\OpenSSH\;C:\Users\smontanr\Desktop\Desarrollo\TOOLS\Java\jdk-17.0.5\jdk-17.0.5\bin;C:\Users\smontanr\Desktop\Desarrollo\TOOLS\Apache\Apache Maven\apache-maven-3.8.7\bin;C:\Users\smontanr\AppData\Local\Microsoft\WindowsApps;C:\Users\smontanr\Desktop\Desarrollo\TOOLS\Git\Git\cmd;C:\Users\smontanr\Desktop\Desarrollo\TOOLS\Visual Studio Code\Microsoft VS Code\bin;C:\Users\smontanr\Desktop\Desarrollo\TOOLS\IDE\eclipse;;."/>
    <property name="java.vm.info" value="mixed mode"/>
    <property name="java.vendor" value="Eclipse Adoptium"/>
    <property name="java.vm.version" value="17.0.5+8"/>
    <property name="sun.io.unicode.encoding" value="UnicodeLittle"/>
    <property name="java.class.version" value="61.0"/>
  </properties>
  <testcase name="contextLoads" classname="com.nttdata.bootcamp.webfluxdemo.WebfluxDemoApplicationTests" time="0.992"/>
</testsuite>